<?xml version="1.0" encoding="UTF-8"?>
<!-- Generated by org.testng.reporters.JUnitReportReporter -->
<testsuite skipped="0" hostname="Vinodh-PC" name="runner.RunTest" tests="2" failures="0" timestamp="13 Jul 2019 05:03:58 GMT" time="42.467" errors="0">
  <testcase name="runScenario" time="25.008" classname="runner.RunTest"/>
  <testcase name="runScenario" time="17.459" classname="runner.RunTest"/>
</testsuite> <!-- runner.RunTest -->
