<?xml version="1.0" encoding="UTF-8"?>
<!-- Generated by org.testng.reporters.JUnitReportReporter -->
<testsuite skipped="0" hostname="Vinodh-PC" name="tests.TC001_CreateLead" tests="2" failures="0" timestamp="14 Jul 2019 10:21:11 GMT" time="35.850" errors="0">
  <testcase name="createLeadTest" time="19.008" classname="tests.TC001_CreateLead"/>
  <testcase name="createLeadTest" time="16.842" classname="tests.TC001_CreateLead"/>
</testsuite> <!-- tests.TC001_CreateLead -->
